<?xml version="1.0" encoding="UTF-8"?>
<testsuite name="DslTest" tests="3" skipped="0" failures="0" errors="0" timestamp="2020-01-05T16:09:08" hostname="VX-15" time="0.096">
  <properties/>
  <testcase name="handleInvalidPolicies()" classname="DslTest" time="0.041"/>
  <testcase name="verifyFileReadWrite()" classname="DslTest" time="0.05"/>
  <testcase name="verifyPolicyTranslation()" classname="DslTest" time="0.003"/>
  <system-out><![CDATA[]]></system-out>
  <system-err><![CDATA[]]></system-err>
</testsuite>
